#
# There is insufficient memory for the Java Runtime Environment to continue.
# Native memory allocation (malloc) failed to allocate 1048576 bytes. Error detail: AllocateHeap
# Possible reasons:
#   The system is out of physical RAM or swap space
#   This process is running with CompressedOops enabled, and the Java Heap may be blocking the growth of the native heap
# Possible solutions:
#   Reduce memory load on the system
#   Increase physical memory or swap space
#   Check if swap backing store is full
#   Decrease Java heap size (-Xmx/-Xms)
#   Decrease number of Java threads
#   Decrease Java thread stack sizes (-Xss)
#   Set larger code cache with -XX:ReservedCodeCacheSize=
#   JVM is running with Unscaled Compressed Oops mode in which the Java heap is
#     placed in the first 4GB address space. The Java Heap base address is the
#     maximum limit for the native heap growth. Please use -XX:HeapBaseMinAddress
#     to set the Java Heap base and to place the Java Heap above 4GB virtual address.
# This output file may be truncated or incomplete.
#
#  Out of Memory Error (allocation.cpp:44), pid=29580, tid=24720
#
# JRE version: OpenJDK Runtime Environment Temurin-21.0.10+7 (21.0.10+7) (build 21.0.10+7-LTS)
# Java VM: OpenJDK 64-Bit Server VM Temurin-21.0.10+7 (21.0.10+7-LTS, mixed mode, sharing, tiered, compressed oops, compressed class ptrs, parallel gc, windows-amd64)
# No core dump will be written. Minidumps are not enabled by default on client versions of Windows
#

---------------  S U M M A R Y ------------

Command Line: --add-modules=ALL-SYSTEM --add-opens=java.base/java.util=ALL-UNNAMED --add-opens=java.base/java.lang=ALL-UNNAMED --add-opens=java.base/sun.nio.fs=ALL-UNNAMED -Declipse.application=org.eclipse.jdt.ls.core.id1 -Dosgi.bundles.defaultStartLevel=4 -Declipse.product=org.eclipse.jdt.ls.core.product -Djava.import.generatesMetadataFilesAtProjectRoot=false -DDetectVMInstallationsJob.disabled=true -Dfile.encoding=utf8 -XX:+UseParallelGC -XX:GCTimeRatio=4 -XX:AdaptiveSizePolicyWeight=90 -Dsun.zip.disableMemoryMapping=true -Xmx2G -Xms100m -Xlog:disable -javaagent:c:\Users\ASUS\.vscode\extensions\redhat.java-1.53.0-win32-x64\lombok\lombok-1.18.39-4050.jar -XX:+HeapDumpOnOutOfMemoryError -XX:HeapDumpPath=c:\Users\ASUS\AppData\Roaming\Code\User\workspaceStorage\dbc611f2a0a6147e65777407f3a589cf\redhat.java -Daether.dependencyCollector.impl=bf c:\Users\ASUS\.vscode\extensions\redhat.java-1.53.0-win32-x64\server\plugins\org.eclipse.equinox.launcher_1.7.100.v20251111-0406.jar -configuration c:\Users\ASUS\AppData\Roaming\Code\User\globalStorage\redhat.java\1.53.0\config_win -data c:\Users\ASUS\AppData\Roaming\Code\User\workspaceStorage\dbc611f2a0a6147e65777407f3a589cf\redhat.java\jdt_ws --pipe=\\.\pipe\lsp-9cac203bee46824b8b1c3b440d04a636-sock

Host: 13th Gen Intel(R) Core(TM) i9-13900H, 20 cores, 15G,  Windows 11 , 64 bit Build 22621 (10.0.22621.5415)
Time: Sun Mar 15 22:35:25 2026 elapsed time: 18402.770860 seconds (0d 5h 6m 42s)

---------------  T H R E A D  ---------------

Current thread (0x000002a27a710590):  JavaThread "Attach Listener" daemon [_thread_in_vm, id=24720, stack(0x000000ac15600000,0x000000ac15700000) (1024K)]

Stack: [0x000000ac15600000,0x000000ac15700000]
Native frames: (J=compiled Java code, j=interpreted, Vv=VM code, C=native code)
V  [jvm.dll+0x6d7a39]
V  [jvm.dll+0x8b4b26]
V  [jvm.dll+0x8b70de]
V  [jvm.dll+0x8b77c3]
V  [jvm.dll+0x284346]
V  [jvm.dll+0xc1277]
V  [jvm.dll+0x6d82e9]
V  [jvm.dll+0x1334a6]
V  [jvm.dll+0x3f857e]
V  [jvm.dll+0x85f59d]
V  [jvm.dll+0x6d626d]
C  [ucrtbase.dll+0x29333]
C  [KERNEL32.DLL+0x1259d]
C  [ntdll.dll+0x5af78]


---------------  P R O C E S S  ---------------

Threads class SMR info:
_java_thread_list=0x000002a25777c4e0, length=48, elements={
0x000002a26f730bf0, 0x000002a2794fbfc0, 0x000002a2794fcf90, 0x000002a27a70f610,
0x000002a27a710590, 0x000002a27a713170, 0x000002a27a713bd0, 0x000002a27a7172c0,
0x000002a27a71a6c0, 0x000002a27a9f1930, 0x000002a27c88ae10, 0x000002a27cdac9b0,
0x000002a27a8b7070, 0x000002a27d24c050, 0x000002a27a928900, 0x000002a27d493690,
0x000002a27cbfad20, 0x000002a27d02e070, 0x000002a27d835ab0, 0x000002a27d833350,
0x000002a27d834700, 0x000002a27d834070, 0x000002a27d834d90, 0x000002a27e912d90,
0x000002a27e90ded0, 0x000002a27e9119e0, 0x000002a27e90e560, 0x000002a27e90f910,
0x000002a27e912070, 0x000002a27e90d1b0, 0x000002a27e910cc0, 0x000002a27e911350,
0x000002a27e912700, 0x000002a27e913420, 0x000002a27e910630, 0x000002a27e90d840,
0x000002a27e90ebf0, 0x000002a27e913ab0, 0x000002a27e914140, 0x000002a27e90f280,
0x000002a27e9147d0, 0x000002a27e90ffa0, 0x000002a254d1c850, 0x000002a254d1e920,
0x000002a254d1fcd0, 0x000002a260a957b0, 0x000002a2547a6e90, 0x000002a2547a4dc0
}

Java Threads: ( => current thread )
  0x000002a26f730bf0 JavaThread "main"                              [_thread_blocked, id=29652, stack(0x000000ac14f00000,0x000000ac15000000) (1024K)]
  0x000002a2794fbfc0 JavaThread "Reference Handler"          daemon [_thread_blocked, id=9284, stack(0x000000ac15300000,0x000000ac15400000) (1024K)]
  0x000002a2794fcf90 JavaThread "Finalizer"                  daemon [_thread_blocked, id=27708, stack(0x000000ac15400000,0x000000ac15500000) (1024K)]
  0x000002a27a70f610 JavaThread "Signal Dispatcher"          daemon [_thread_blocked, id=24672, stack(0x000000ac15500000,0x000000ac15600000) (1024K)]
=>0x000002a27a710590 JavaThread "Attach Listener"            daemon [_thread_in_vm, id=24720, stack(0x000000ac15600000,0x000000ac15700000) (1024K)]
  0x000002a27a713170 JavaThread "Service Thread"             daemon [_thread_blocked, id=27892, stack(0x000000ac15700000,0x000000ac15800000) (1024K)]
  0x000002a27a713bd0 JavaThread "Monitor Deflation Thread"   daemon [_thread_blocked, id=27920, stack(0x000000ac15800000,0x000000ac15900000) (1024K)]
  0x000002a27a7172c0 JavaThread "C2 CompilerThread0"         daemon [_thread_blocked, id=14660, stack(0x000000ac15900000,0x000000ac15a00000) (1024K)]
  0x000002a27a71a6c0 JavaThread "C1 CompilerThread0"         daemon [_thread_blocked, id=28740, stack(0x000000ac15a00000,0x000000ac15b00000) (1024K)]
  0x000002a27a9f1930 JavaThread "Common-Cleaner"             daemon [_thread_blocked, id=25020, stack(0x000000ac15f00000,0x000000ac16000000) (1024K)]
  0x000002a27c88ae10 JavaThread "Notification Thread"        daemon [_thread_blocked, id=11900, stack(0x000000ac16000000,0x000000ac16100000) (1024K)]
  0x000002a27cdac9b0 JavaThread "Active Thread: Equinox Container: 9ad6b7c1-bbab-4d09-a713-76ebc20d58af"        [_thread_blocked, id=11232, stack(0x000000ac16900000,0x000000ac16a00000) (1024K)]
  0x000002a27a8b7070 JavaThread "Refresh Thread: Equinox Container: 9ad6b7c1-bbab-4d09-a713-76ebc20d58af" daemon [_thread_blocked, id=29232, stack(0x000000ac14d00000,0x000000ac14e00000) (1024K)]
  0x000002a27d24c050 JavaThread "Framework Event Dispatcher: Equinox Container: 9ad6b7c1-bbab-4d09-a713-76ebc20d58af" daemon [_thread_blocked, id=15104, stack(0x000000ac15b00000,0x000000ac15c00000) (1024K)]
  0x000002a27a928900 JavaThread "Start Level: Equinox Container: 9ad6b7c1-bbab-4d09-a713-76ebc20d58af" daemon [_thread_blocked, id=11736, stack(0x000000ac15c00000,0x000000ac15d00000) (1024K)]
  0x000002a27d493690 JavaThread "Bundle File Closer"         daemon [_thread_blocked, id=28888, stack(0x000000ac16c00000,0x000000ac16d00000) (1024K)]
  0x000002a27cbfad20 JavaThread "SCR Component Actor"        daemon [_thread_blocked, id=26280, stack(0x000000ac16d00000,0x000000ac16e00000) (1024K)]
  0x000002a27d02e070 JavaThread "Worker-JM"                         [_thread_blocked, id=26472, stack(0x000000ac17100000,0x000000ac17200000) (1024K)]
  0x000002a27d835ab0 JavaThread "Java indexing"              daemon [_thread_blocked, id=6388, stack(0x000000ac17800000,0x000000ac17900000) (1024K)]
  0x000002a27d833350 JavaThread "JNA Cleaner"                daemon [_thread_blocked, id=22836, stack(0x000000ac17900000,0x000000ac17a00000) (1024K)]
  0x000002a27d834700 JavaThread "Thread-1"                   daemon [_thread_in_native, id=17404, stack(0x000000ac17c00000,0x000000ac17d00000) (1024K)]
  0x000002a27d834070 JavaThread "Thread-2"                   daemon [_thread_in_native, id=25672, stack(0x000000ac17d00000,0x000000ac17e00000) (1024K)]
  0x000002a27d834d90 JavaThread "Thread-3"                   daemon [_thread_in_native, id=12996, stack(0x000000ac17e00000,0x000000ac17f00000) (1024K)]
  0x000002a27e912d90 JavaThread "Thread-4"                   daemon [_thread_in_native, id=29676, stack(0x000000ac17f00000,0x000000ac18000000) (1024K)]
  0x000002a27e90ded0 JavaThread "Thread-5"                   daemon [_thread_in_native, id=9692, stack(0x000000ac18000000,0x000000ac18100000) (1024K)]
  0x000002a27e9119e0 JavaThread "Thread-6"                   daemon [_thread_in_native, id=12660, stack(0x000000ac18100000,0x000000ac18200000) (1024K)]
  0x000002a27e90e560 JavaThread "Thread-7"                   daemon [_thread_in_native, id=9044, stack(0x000000ac18200000,0x000000ac18300000) (1024K)]
  0x000002a27e90f910 JavaThread "Thread-8"                   daemon [_thread_in_native, id=23292, stack(0x000000ac18300000,0x000000ac18400000) (1024K)]
  0x000002a27e912070 JavaThread "Thread-9"                   daemon [_thread_in_native, id=7708, stack(0x000000ac18400000,0x000000ac18500000) (1024K)]
  0x000002a27e90d1b0 JavaThread "Thread-10"                  daemon [_thread_in_native, id=29588, stack(0x000000ac18500000,0x000000ac18600000) (1024K)]
  0x000002a27e910cc0 JavaThread "Thread-11"                  daemon [_thread_in_native, id=29184, stack(0x000000ac18600000,0x000000ac18700000) (1024K)]
  0x000002a27e911350 JavaThread "Thread-12"                  daemon [_thread_in_native, id=1828, stack(0x000000ac18700000,0x000000ac18800000) (1024K)]
  0x000002a27e912700 JavaThread "Thread-13"                  daemon [_thread_in_native, id=412, stack(0x000000ac18800000,0x000000ac18900000) (1024K)]
  0x000002a27e913420 JavaThread "Thread-14"                  daemon [_thread_in_native, id=28816, stack(0x000000ac18900000,0x000000ac18a00000) (1024K)]
  0x000002a27e910630 JavaThread "Thread-15"                  daemon [_thread_in_native, id=29636, stack(0x000000ac18a00000,0x000000ac18b00000) (1024K)]
  0x000002a27e90d840 JavaThread "Thread-16"                  daemon [_thread_in_native, id=28916, stack(0x000000ac18b00000,0x000000ac18c00000) (1024K)]
  0x000002a27e90ebf0 JavaThread "Thread-17"                  daemon [_thread_in_native, id=28840, stack(0x000000ac18c00000,0x000000ac18d00000) (1024K)]
  0x000002a27e913ab0 JavaThread "Thread-18"                  daemon [_thread_in_native, id=10216, stack(0x000000ac18d00000,0x000000ac18e00000) (1024K)]
  0x000002a27e914140 JavaThread "Thread-19"                  daemon [_thread_in_native, id=28896, stack(0x000000ac18e00000,0x000000ac18f00000) (1024K)]
  0x000002a27e90f280 JavaThread "Thread-20"                  daemon [_thread_in_native, id=28900, stack(0x000000ac18f00000,0x000000ac19000000) (1024K)]
  0x000002a27e9147d0 JavaThread "Thread-21"                  daemon [_thread_in_native, id=29548, stack(0x000000ac19000000,0x000000ac19100000) (1024K)]
  0x000002a27e90ffa0 JavaThread "pool-2-thread-1"                   [_thread_blocked, id=27656, stack(0x000000ac19100000,0x000000ac19200000) (1024K)]
  0x000002a254d1c850 JavaThread "WorkspaceEventsHandler"            [_thread_blocked, id=29208, stack(0x000000ac19300000,0x000000ac19400000) (1024K)]
  0x000002a254d1e920 JavaThread "pool-1-thread-1"                   [_thread_blocked, id=29204, stack(0x000000ac19400000,0x000000ac19500000) (1024K)]
  0x000002a254d1fcd0 JavaThread "Cleaner-0"                  daemon [_thread_blocked, id=26508, stack(0x000000ac15d00000,0x000000ac15e00000) (1024K)]
  0x000002a260a957b0 JavaThread "Worker-14"                         [_thread_blocked, id=4452, stack(0x000000ac16f00000,0x000000ac17000000) (1024K)]
  0x000002a2547a6e90 JavaThread "Worker-17"                         [_thread_blocked, id=25740, stack(0x000000ac14a00000,0x000000ac14b00000) (1024K)]
  0x000002a2547a4dc0 JavaThread "ForkJoinPool.commonPool-worker-43" daemon [_thread_blocked, id=38208, stack(0x000000ac14b00000,0x000000ac14c00000) (1024K)]
Total: 48

Other Threads:
  0x000002a2794f45d0 VMThread "VM Thread"                           [id=7684, stack(0x000000ac15200000,0x000000ac15300000) (1024K)]
  0x000002a2793eca00 WatcherThread "VM Periodic Task Thread"        [id=23004, stack(0x000000ac15100000,0x000000ac15200000) (1024K)]
  0x000002a271aa86e0 WorkerThread "GC Thread#0"                     [id=29620, stack(0x000000ac15000000,0x000000ac15100000) (1024K)]
  0x000002a27cf8f550 WorkerThread "GC Thread#1"                     [id=12676, stack(0x000000ac16200000,0x000000ac16300000) (1024K)]
  0x000002a27cf8f900 WorkerThread "GC Thread#2"                     [id=26440, stack(0x000000ac16300000,0x000000ac16400000) (1024K)]
  0x000002a27cf8fcb0 WorkerThread "GC Thread#3"                     [id=11424, stack(0x000000ac16400000,0x000000ac16500000) (1024K)]
  0x000002a27ce05890 WorkerThread "GC Thread#4"                     [id=16524, stack(0x000000ac16500000,0x000000ac16600000) (1024K)]
  0x000002a27ce05c40 WorkerThread "GC Thread#5"                     [id=2612, stack(0x000000ac16600000,0x000000ac16700000) (1024K)]
  0x000002a27ce05ff0 WorkerThread "GC Thread#6"                     [id=17316, stack(0x000000ac16700000,0x000000ac16800000) (1024K)]
  0x000002a27d5c6c00 WorkerThread "GC Thread#7"                     [id=22288, stack(0x000000ac16a00000,0x000000ac16b00000) (1024K)]
  0x000002a27a755fe0 WorkerThread "GC Thread#8"                     [id=14304, stack(0x000000ac15e00000,0x000000ac15f00000) (1024K)]
  0x000002a27a756bb0 WorkerThread "GC Thread#9"                     [id=10088, stack(0x000000ac16100000,0x000000ac16200000) (1024K)]
  0x000002a27cb3dca0 WorkerThread "GC Thread#10"                    [id=27092, stack(0x000000ac16800000,0x000000ac16900000) (1024K)]
  0x000002a27d6acf10 WorkerThread "GC Thread#11"                    [id=3404, stack(0x000000ac16e00000,0x000000ac16f00000) (1024K)]
  0x000002a27d34b7a0 WorkerThread "GC Thread#12"                    [id=3536, stack(0x000000ac17200000,0x000000ac17300000) (1024K)]
  0x000002a27d34c2b0 WorkerThread "GC Thread#13"                    [id=27928, stack(0x000000ac17300000,0x000000ac17400000) (1024K)]
  0x000002a27d34bf00 WorkerThread "GC Thread#14"                    [id=14256, stack(0x000000ac17600000,0x000000ac17700000) (1024K)]
Total: 17

Threads with active compile tasks:
Total: 0

VM state: not at safepoint (normal execution)

VM Mutex/Monitor currently owned by a thread: None

Heap address: 0x0000000080000000, size: 2048 MB, Compressed Oops mode: 32-bit

CDS archive(s) mapped at: [0x000002a20f000000-0x000002a20fba0000-0x000002a20fba0000), size 12189696, SharedBaseAddress: 0x000002a20f000000, ArchiveRelocationMode: 1.
Compressed class space mapped at: 0x000002a210000000-0x000002a250000000, reserved size: 1073741824
Narrow klass base: 0x000002a20f000000, Narrow klass shift: 0, Narrow klass range: 0x100000000

GC Precious Log:
 CardTable entry size: 512
 CPUs: 20 total, 20 available
 Memory: 16008M
 Large Page Support: Disabled
 NUMA Support: Disabled
 Compressed Oops: Enabled (32-bit)
 Alignments: Space 512K, Generation 512K, Heap 2M
 Heap Min Capacity: 100M
 Heap Initial Capacity: 100M
 Heap Max Capacity: 2G
 Pre-touch: Disabled
 Parallel Workers: 15

Heap:
 PSYoungGen      total 6144K, used 3710K [0x00000000d5580000, 0x00000000d5e80000, 0x0000000100000000)
  eden space 4096K, 44% used [0x00000000d5580000,0x00000000d5748390,0x00000000d5980000)
  from space 2048K, 92% used [0x00000000d5980000,0x00000000d5b57520,0x00000000d5b80000)
  to   space 2048K, 0% used [0x00000000d5c80000,0x00000000d5c80000,0x00000000d5e80000)
 ParOldGen       total 692736K, used 270702K [0x0000000080000000, 0x00000000aa480000, 0x00000000d5580000)
  object space 692736K, 39% used [0x0000000080000000,0x000000009085b9b0,0x00000000aa480000)
 Metaspace       used 76096K, committed 77440K, reserved 1179648K
  class space    used 7747K, committed 8320K, reserved 1048576K

Card table byte_map: [0x000002a271400000,0x000002a271810000] _byte_map_base: 0x000002a271000000

Marking Bits: (ParMarkBitMap*) 0x00007ffb1c403450
 Begin Bits: [0x000002a274f10000, 0x000002a276f10000)
 End Bits:   [0x000002a276f10000, 0x000002a278f10000)

Polling page: 0x000002a26f9d0000

Metaspace:

Usage:
  Non-class:     66.75 MB used.
      Class:      7.57 MB used.
       Both:     74.31 MB used.

Virtual space:
  Non-class space:      128.00 MB reserved,      67.50 MB ( 53%) committed,  2 nodes.
      Class space:        1.00 GB reserved,       8.12 MB ( <1%) committed,  1 nodes.
             Both:        1.12 GB reserved,      75.62 MB (  7%) committed. 

Chunk freelists:
   Non-Class:  12.23 MB
       Class:  7.91 MB
        Both:  20.14 MB

MaxMetaspaceSize: unlimited
CompressedClassSpaceSize: 1.00 GB
Initial GC threshold: 21.00 MB
Current GC threshold: 121.38 MB
CDS: on
 - commit_granule_bytes: 65536.
 - commit_granule_words: 8192.
 - virtual_space_node_default_size: 8388608.
 - enlarge_chunks_in_place: 1.
 - use_allocation_guard: 0.


Internal statistics:

num_allocs_failed_limit: 9.
num_arena_births: 1420.
num_arena_deaths: 362.
num_vsnodes_births: 3.
num_vsnodes_deaths: 0.
num_space_committed: 1209.
num_space_uncommitted: 0.
num_chunks_returned_to_freelist: 399.
num_chunks_taken_from_freelist: 4996.
num_chunk_merges: 105.
num_chunk_splits: 2941.
num_chunks_enlarged: 1723.
num_inconsistent_stats: 0.

CodeHeap 'non-profiled nmethods': size=119168Kb used=15518Kb max_used=15518Kb free=103649Kb
 bounds [0x000002a207ba0000, 0x000002a208ad0000, 0x000002a20f000000]
CodeHeap 'profiled nmethods': size=119104Kb used=36589Kb max_used=36589Kb free=82514Kb
 bounds [0x000002a200000000, 0x000002a2023d0000, 0x000002a207450000]
CodeHeap 'non-nmethods': size=7488Kb used=1514Kb max_used=3295Kb free=5973Kb
 bounds [0x000002a207450000, 0x000002a2077c0000, 0x000002a207ba0000]
CodeCache: size=245760Kb, used=53621Kb, max_used=55402Kb, free=192136Kb
 total_blobs=15071, nmethods=14234, adapters=738, full_count=0
Compilation: enabled, stopped_count=0, restarted_count=0

Compilation events (20 events):
Event: 18133.475 Thread 0x000002a27a71a6c0 16459       3       org.eclipse.jdt.internal.compiler.parser.Parser::setMethodsFullRecovery (9 bytes)
Event: 18133.476 Thread 0x000002a27a71a6c0 nmethod 16459 0x000002a200c39690 code [0x000002a200c39820, 0x000002a200c39940]
Event: 18133.476 Thread 0x000002a27a71a6c0 16460       3       org.eclipse.jdt.internal.compiler.parser.Parser::setStatementsRecovery (21 bytes)
Event: 18133.476 Thread 0x000002a27a71a6c0 nmethod 16460 0x000002a2007aa810 code [0x000002a2007aa9c0, 0x000002a2007aab20]
Event: 18161.393 Thread 0x000002a27a71a6c0 16465       3       org.eclipse.jdt.internal.core.search.IndexQueryRequestor::<init> (5 bytes)
Event: 18161.394 Thread 0x000002a27a71a6c0 nmethod 16465 0x000002a2007acf90 code [0x000002a2007ad140, 0x000002a2007ad2a8]
Event: 18161.439 Thread 0x000002a27a7172c0 16466       4       org.eclipse.jdt.internal.core.CompilationUnit::getMainTypeName (11 bytes)
Event: 18161.442 Thread 0x000002a27a71a6c0 16467       3       org.eclipse.jdt.internal.compiler.lookup.LookupEnvironment$CompleteTypeBindingsSteps::isRequired (42 bytes)
Event: 18161.451 Thread 0x000002a27a71a6c0 nmethod 16467 0x000002a2023c0090 code [0x000002a2023c0240, 0x000002a2023c0468]
Event: 18161.478 Thread 0x000002a27a71a6c0 16468       3       java.util.concurrent.ForkJoinPool$WorkQueue::nextLocalTask (151 bytes)
Event: 18161.482 Thread 0x000002a27a71a6c0 nmethod 16468 0x000002a2023c0590 code [0x000002a2023c0780, 0x000002a2023c0ca8]
Event: 18161.482 Thread 0x000002a27a71a6c0 16469       3       java.util.concurrent.ForkJoinPool$WorkQueue::tryPoll (104 bytes)
Event: 18161.483 Thread 0x000002a27a71a6c0 nmethod 16469 0x000002a2023c0e90 code [0x000002a2023c1060, 0x000002a2023c1420]
Event: 18161.522 Thread 0x000002a27a7172c0 nmethod 16466 0x000002a208ac1310 code [0x000002a208ac1520, 0x000002a208ac2130]
Event: 18185.762 Thread 0x000002a27a7172c0 16470   !   4       org.eclipse.jdt.internal.compiler.parser.Scanner::jumpOverMethodBody (2550 bytes)
Event: 18185.765 Thread 0x000002a27a71a6c0 16471       3       org.eclipse.jdt.internal.codeassist.impl.AssistParser::pushOnElementStack (151 bytes)
Event: 18185.767 Thread 0x000002a27a71a6c0 nmethod 16471 0x000002a2023c1590 code [0x000002a2023c17a0, 0x000002a2023c1fb8]
Event: 18185.855 Thread 0x000002a27a7172c0 nmethod 16470 0x000002a208ac2810 code [0x000002a208ac2e00, 0x000002a208ac5cc8]
Event: 18185.855 Thread 0x000002a27a7172c0 16472       4       org.eclipse.core.runtime.NullProgressMonitor::<init> (10 bytes)
Event: 18185.856 Thread 0x000002a27a7172c0 nmethod 16472 0x000002a208ac7710 code [0x000002a208ac78a0, 0x000002a208ac7930]

GC Heap History (20 events):
Event: 18161.468 GC heap before
{Heap before GC invocations=1286 (full 4):
 PSYoungGen      total 1536K, used 1280K [0x00000000d5580000, 0x00000000d5980000, 0x0000000100000000)
  eden space 512K, 100% used [0x00000000d5580000,0x00000000d5600000,0x00000000d5600000)
  from space 1024K, 75% used [0x00000000d5600000,0x00000000d56c0000,0x00000000d5700000)
  to   space 1536K, 0% used [0x00000000d5800000,0x00000000d5800000,0x00000000d5980000)
 ParOldGen       total 692736K, used 262254K [0x0000000080000000, 0x00000000aa480000, 0x00000000d5580000)
  object space 692736K, 37% used [0x0000000080000000,0x000000009001bb90,0x00000000aa480000)
 Metaspace       used 76094K, committed 77440K, reserved 1179648K
  class space    used 7747K, committed 8320K, reserved 1048576K
}
Event: 18161.471 GC heap after
{Heap after GC invocations=1286 (full 4):
 PSYoungGen      total 2048K, used 736K [0x00000000d5580000, 0x00000000d5900000, 0x0000000100000000)
  eden space 1024K, 0% used [0x00000000d5580000,0x00000000d5580000,0x00000000d5680000)
  from space 1024K, 71% used [0x00000000d5800000,0x00000000d58b8000,0x00000000d5900000)
  to   space 1024K, 0% used [0x00000000d5700000,0x00000000d5700000,0x00000000d5800000)
 ParOldGen       total 692736K, used 262822K [0x0000000080000000, 0x00000000aa480000, 0x00000000d5580000)
  object space 692736K, 37% used [0x0000000080000000,0x00000000900a9b90,0x00000000aa480000)
 Metaspace       used 76094K, committed 77440K, reserved 1179648K
  class space    used 7747K, committed 8320K, reserved 1048576K
}
Event: 18161.474 GC heap before
{Heap before GC invocations=1287 (full 4):
 PSYoungGen      total 2048K, used 1760K [0x00000000d5580000, 0x00000000d5900000, 0x0000000100000000)
  eden space 1024K, 100% used [0x00000000d5580000,0x00000000d5680000,0x00000000d5680000)
  from space 1024K, 71% used [0x00000000d5800000,0x00000000d58b8000,0x00000000d5900000)
  to   space 1024K, 0% used [0x00000000d5700000,0x00000000d5700000,0x00000000d5800000)
 ParOldGen       total 692736K, used 262822K [0x0000000080000000, 0x00000000aa480000, 0x00000000d5580000)
  object space 692736K, 37% used [0x0000000080000000,0x00000000900a9b90,0x00000000aa480000)
 Metaspace       used 76094K, committed 77440K, reserved 1179648K
  class space    used 7747K, committed 8320K, reserved 1048576K
}
Event: 18161.476 GC heap after
{Heap after GC invocations=1287 (full 4):
 PSYoungGen      total 2560K, used 1024K [0x00000000d5580000, 0x00000000d5b00000, 0x0000000100000000)
  eden space 1536K, 0% used [0x00000000d5580000,0x00000000d5580000,0x00000000d5700000)
  from space 1024K, 100% used [0x00000000d5700000,0x00000000d5800000,0x00000000d5800000)
  to   space 2048K, 0% used [0x00000000d5900000,0x00000000d5900000,0x00000000d5b00000)
 ParOldGen       total 692736K, used 263430K [0x0000000080000000, 0x00000000aa480000, 0x00000000d5580000)
  object space 692736K, 38% used [0x0000000080000000,0x0000000090141b90,0x00000000aa480000)
 Metaspace       used 76094K, committed 77440K, reserved 1179648K
  class space    used 7747K, committed 8320K, reserved 1048576K
}
Event: 18161.484 GC heap before
{Heap before GC invocations=1288 (full 4):
 PSYoungGen      total 2560K, used 2559K [0x00000000d5580000, 0x00000000d5b00000, 0x0000000100000000)
  eden space 1536K, 99% used [0x00000000d5580000,0x00000000d56fffc8,0x00000000d5700000)
  from space 1024K, 100% used [0x00000000d5700000,0x00000000d5800000,0x00000000d5800000)
  to   space 2048K, 0% used [0x00000000d5900000,0x00000000d5900000,0x00000000d5b00000)
 ParOldGen       total 692736K, used 263430K [0x0000000080000000, 0x00000000aa480000, 0x00000000d5580000)
  object space 692736K, 38% used [0x0000000080000000,0x0000000090141b90,0x00000000aa480000)
 Metaspace       used 76096K, committed 77440K, reserved 1179648K
  class space    used 7747K, committed 8320K, reserved 1048576K
}
Event: 18161.488 GC heap after
{Heap after GC invocations=1288 (full 4):
 PSYoungGen      total 3584K, used 1629K [0x00000000d5580000, 0x00000000d5b80000, 0x0000000100000000)
  eden space 1536K, 0% used [0x00000000d5580000,0x00000000d5580000,0x00000000d5700000)
  from space 2048K, 79% used [0x00000000d5900000,0x00000000d5a97520,0x00000000d5b00000)
  to   space 2048K, 0% used [0x00000000d5700000,0x00000000d5700000,0x00000000d5900000)
 ParOldGen       total 692736K, used 264502K [0x0000000080000000, 0x00000000aa480000, 0x00000000d5580000)
  object space 692736K, 38% used [0x0000000080000000,0x000000009024db90,0x00000000aa480000)
 Metaspace       used 76096K, committed 77440K, reserved 1179648K
  class space    used 7747K, committed 8320K, reserved 1048576K
}
Event: 18161.493 GC heap before
{Heap before GC invocations=1289 (full 4):
 PSYoungGen      total 3584K, used 3165K [0x00000000d5580000, 0x00000000d5b80000, 0x0000000100000000)
  eden space 1536K, 100% used [0x00000000d5580000,0x00000000d5700000,0x00000000d5700000)
  from space 2048K, 79% used [0x00000000d5900000,0x00000000d5a97520,0x00000000d5b00000)
  to   space 2048K, 0% used [0x00000000d5700000,0x00000000d5700000,0x00000000d5900000)
 ParOldGen       total 692736K, used 264502K [0x0000000080000000, 0x00000000aa480000, 0x00000000d5580000)
  object space 692736K, 38% used [0x0000000080000000,0x000000009024db90,0x00000000aa480000)
 Metaspace       used 76096K, committed 77440K, reserved 1179648K
  class space    used 7747K, committed 8320K, reserved 1048576K
}
Event: 18161.499 GC heap after
{Heap after GC invocations=1289 (full 4):
 PSYoungGen      total 3584K, used 1632K [0x00000000d5580000, 0x00000000d5b80000, 0x0000000100000000)
  eden space 1536K, 0% used [0x00000000d5580000,0x00000000d5580000,0x00000000d5700000)
  from space 2048K, 79% used [0x00000000d5700000,0x00000000d5898000,0x00000000d5900000)
  to   space 2048K, 0% used [0x00000000d5980000,0x00000000d5980000,0x00000000d5b80000)
 ParOldGen       total 692736K, used 265900K [0x0000000080000000, 0x00000000aa480000, 0x00000000d5580000)
  object space 692736K, 38% used [0x0000000080000000,0x00000000903ab0b0,0x00000000aa480000)
 Metaspace       used 76096K, committed 77440K, reserved 1179648K
  class space    used 7747K, committed 8320K, reserved 1048576K
}
Event: 18185.716 GC heap before
{Heap before GC invocations=1290 (full 4):
 PSYoungGen      total 3584K, used 3168K [0x00000000d5580000, 0x00000000d5b80000, 0x0000000100000000)
  eden space 1536K, 100% used [0x00000000d5580000,0x00000000d5700000,0x00000000d5700000)
  from space 2048K, 79% used [0x00000000d5700000,0x00000000d5898000,0x00000000d5900000)
  to   space 2048K, 0% used [0x00000000d5980000,0x00000000d5980000,0x00000000d5b80000)
 ParOldGen       total 692736K, used 265900K [0x0000000080000000, 0x00000000aa480000, 0x00000000d5580000)
  object space 692736K, 38% used [0x0000000080000000,0x00000000903ab0b0,0x00000000aa480000)
 Metaspace       used 76096K, committed 77440K, reserved 1179648K
  class space    used 7747K, committed 8320K, reserved 1048576K
}
Event: 18185.723 GC heap after
{Heap after GC invocations=1290 (full 4):
 PSYoungGen      total 3072K, used 992K [0x00000000d5580000, 0x00000000d5a80000, 0x0000000100000000)
  eden space 2048K, 0% used [0x00000000d5580000,0x00000000d5580000,0x00000000d5780000)
  from space 1024K, 96% used [0x00000000d5980000,0x00000000d5a78000,0x00000000d5a80000)
  to   space 1536K, 0% used [0x00000000d5780000,0x00000000d5780000,0x00000000d5900000)
 ParOldGen       total 692736K, used 267452K [0x0000000080000000, 0x00000000aa480000, 0x00000000d5580000)
  object space 692736K, 38% used [0x0000000080000000,0x000000009052f0b0,0x00000000aa480000)
 Metaspace       used 76096K, committed 77440K, reserved 1179648K
  class space    used 7747K, committed 8320K, reserved 1048576K
}
Event: 18185.729 GC heap before
{Heap before GC invocations=1291 (full 4):
 PSYoungGen      total 3072K, used 3040K [0x00000000d5580000, 0x00000000d5a80000, 0x0000000100000000)
  eden space 2048K, 100% used [0x00000000d5580000,0x00000000d5780000,0x00000000d5780000)
  from space 1024K, 96% used [0x00000000d5980000,0x00000000d5a78000,0x00000000d5a80000)
  to   space 1536K, 0% used [0x00000000d5780000,0x00000000d5780000,0x00000000d5900000)
 ParOldGen       total 692736K, used 267452K [0x0000000080000000, 0x00000000aa480000, 0x00000000d5580000)
  object space 692736K, 38% used [0x0000000080000000,0x000000009052f0b0,0x00000000aa480000)
 Metaspace       used 76096K, committed 77440K, reserved 1179648K
  class space    used 7747K, committed 8320K, reserved 1048576K
}
Event: 18185.734 GC heap after
{Heap after GC invocations=1291 (full 4):
 PSYoungGen      total 3584K, used 1533K [0x00000000d5580000, 0x00000000d5e00000, 0x0000000100000000)
  eden space 2048K, 0% used [0x00000000d5580000,0x00000000d5580000,0x00000000d5780000)
  from space 1536K, 99% used [0x00000000d5780000,0x00000000d58ff520,0x00000000d5900000)
  to   space 3072K, 0% used [0x00000000d5b00000,0x00000000d5b00000,0x00000000d5e00000)
 ParOldGen       total 692736K, used 268521K [0x0000000080000000, 0x00000000aa480000, 0x00000000d5580000)
  object space 692736K, 38% used [0x0000000080000000,0x000000009063a530,0x00000000aa480000)
 Metaspace       used 76096K, committed 77440K, reserved 1179648K
  class space    used 7747K, committed 8320K, reserved 1048576K
}
Event: 18185.740 GC heap before
{Heap before GC invocations=1292 (full 4):
 PSYoungGen      total 3584K, used 3581K [0x00000000d5580000, 0x00000000d5e00000, 0x0000000100000000)
  eden space 2048K, 100% used [0x00000000d5580000,0x00000000d5780000,0x00000000d5780000)
  from space 1536K, 99% used [0x00000000d5780000,0x00000000d58ff520,0x00000000d5900000)
  to   space 3072K, 0% used [0x00000000d5b00000,0x00000000d5b00000,0x00000000d5e00000)
 ParOldGen       total 692736K, used 268521K [0x0000000080000000, 0x00000000aa480000, 0x00000000d5580000)
  object space 692736K, 38% used [0x0000000080000000,0x000000009063a530,0x00000000aa480000)
 Metaspace       used 76096K, committed 77440K, reserved 1179648K
  class space    used 7747K, committed 8320K, reserved 1048576K
}
Event: 18185.742 GC heap after
{Heap after GC invocations=1292 (full 4):
 PSYoungGen      total 3072K, used 32K [0x00000000d5580000, 0x00000000d5b80000, 0x0000000100000000)
  eden space 2560K, 0% used [0x00000000d5580000,0x00000000d5580000,0x00000000d5800000)
  from space 512K, 6% used [0x00000000d5b00000,0x00000000d5b08000,0x00000000d5b80000)
  to   space 1024K, 0% used [0x00000000d5980000,0x00000000d5980000,0x00000000d5a80000)
 ParOldGen       total 692736K, used 268729K [0x0000000080000000, 0x00000000aa480000, 0x00000000d5580000)
  object space 692736K, 38% used [0x0000000080000000,0x000000009066e530,0x00000000aa480000)
 Metaspace       used 76096K, committed 77440K, reserved 1179648K
  class space    used 7747K, committed 8320K, reserved 1048576K
}
Event: 18185.749 GC heap before
{Heap before GC invocations=1293 (full 4):
 PSYoungGen      total 3072K, used 2592K [0x00000000d5580000, 0x00000000d5b80000, 0x0000000100000000)
  eden space 2560K, 100% used [0x00000000d5580000,0x00000000d5800000,0x00000000d5800000)
  from space 512K, 6% used [0x00000000d5b00000,0x00000000d5b08000,0x00000000d5b80000)
  to   space 1024K, 0% used [0x00000000d5980000,0x00000000d5980000,0x00000000d5a80000)
 ParOldGen       total 692736K, used 268729K [0x0000000080000000, 0x00000000aa480000, 0x00000000d5580000)
  object space 692736K, 38% used [0x0000000080000000,0x000000009066e530,0x00000000aa480000)
 Metaspace       used 76096K, committed 77440K, reserved 1179648K
  class space    used 7747K, committed 8320K, reserved 1048576K
}
Event: 18185.754 GC heap after
{Heap after GC invocations=1293 (full 4):
 PSYoungGen      total 4096K, used 1021K [0x00000000d5580000, 0x00000000d5e80000, 0x0000000100000000)
  eden space 3072K, 0% used [0x00000000d5580000,0x00000000d5580000,0x00000000d5880000)
  from space 1024K, 99% used [0x00000000d5980000,0x00000000d5a7f520,0x00000000d5a80000)
  to   space 3072K, 0% used [0x00000000d5b80000,0x00000000d5b80000,0x00000000d5e80000)
 ParOldGen       total 692736K, used 270305K [0x0000000080000000, 0x00000000aa480000, 0x00000000d5580000)
  object space 692736K, 39% used [0x0000000080000000,0x00000000907f8530,0x00000000aa480000)
 Metaspace       used 76096K, committed 77440K, reserved 1179648K
  class space    used 7747K, committed 8320K, reserved 1048576K
}
Event: 18185.769 GC heap before
{Heap before GC invocations=1294 (full 4):
 PSYoungGen      total 4096K, used 4093K [0x00000000d5580000, 0x00000000d5e80000, 0x0000000100000000)
  eden space 3072K, 100% used [0x00000000d5580000,0x00000000d5880000,0x00000000d5880000)
  from space 1024K, 99% used [0x00000000d5980000,0x00000000d5a7f520,0x00000000d5a80000)
  to   space 3072K, 0% used [0x00000000d5b80000,0x00000000d5b80000,0x00000000d5e80000)
 ParOldGen       total 692736K, used 270305K [0x0000000080000000, 0x00000000aa480000, 0x00000000d5580000)
  object space 692736K, 39% used [0x0000000080000000,0x00000000907f8530,0x00000000aa480000)
 Metaspace       used 76096K, committed 77440K, reserved 1179648K
  class space    used 7747K, committed 8320K, reserved 1048576K
}
Event: 18185.772 GC heap after
{Heap after GC invocations=1294 (full 4):
 PSYoungGen      total 6144K, used 1501K [0x00000000d5580000, 0x00000000d5d80000, 0x0000000100000000)
  eden space 4096K, 0% used [0x00000000d5580000,0x00000000d5580000,0x00000000d5980000)
  from space 2048K, 73% used [0x00000000d5b80000,0x00000000d5cf7520,0x00000000d5d80000)
  to   space 2048K, 0% used [0x00000000d5980000,0x00000000d5980000,0x00000000d5b80000)
 ParOldGen       total 692736K, used 270313K [0x0000000080000000, 0x00000000aa480000, 0x00000000d5580000)
  object space 692736K, 39% used [0x0000000080000000,0x00000000907fa530,0x00000000aa480000)
 Metaspace       used 76096K, committed 77440K, reserved 1179648K
  class space    used 7747K, committed 8320K, reserved 1048576K
}
Event: 18185.782 GC heap before
{Heap before GC invocations=1295 (full 4):
 PSYoungGen      total 6144K, used 5597K [0x00000000d5580000, 0x00000000d5d80000, 0x0000000100000000)
  eden space 4096K, 100% used [0x00000000d5580000,0x00000000d5980000,0x00000000d5980000)
  from space 2048K, 73% used [0x00000000d5b80000,0x00000000d5cf7520,0x00000000d5d80000)
  to   space 2048K, 0% used [0x00000000d5980000,0x00000000d5980000,0x00000000d5b80000)
 ParOldGen       total 692736K, used 270313K [0x0000000080000000, 0x00000000aa480000, 0x00000000d5580000)
  object space 692736K, 39% used [0x0000000080000000,0x00000000907fa530,0x00000000aa480000)
 Metaspace       used 76096K, committed 77440K, reserved 1179648K
  class space    used 7747K, committed 8320K, reserved 1048576K
}
Event: 18185.785 GC heap after
{Heap after GC invocations=1295 (full 4):
 PSYoungGen      total 6144K, used 1885K [0x00000000d5580000, 0x00000000d5e80000, 0x0000000100000000)
  eden space 4096K, 0% used [0x00000000d5580000,0x00000000d5580000,0x00000000d5980000)
  from space 2048K, 92% used [0x00000000d5980000,0x00000000d5b57520,0x00000000d5b80000)
  to   space 2048K, 0% used [0x00000000d5c80000,0x00000000d5c80000,0x00000000d5e80000)
 ParOldGen       total 692736K, used 270702K [0x0000000080000000, 0x00000000aa480000, 0x00000000d5580000)
  object space 692736K, 39% used [0x0000000080000000,0x000000009085b9b0,0x00000000aa480000)
 Metaspace       used 76096K, committed 77440K, reserved 1179648K
  class space    used 7747K, committed 8320K, reserved 1048576K
}

Dll operation events (14 events):
Event: 0.008 Loaded shared library c:\Users\ASUS\.vscode\extensions\redhat.java-1.53.0-win32-x64\jre\21.0.10-win32-x86_64\bin\java.dll
Event: 0.030 Loaded shared library c:\Users\ASUS\.vscode\extensions\redhat.java-1.53.0-win32-x64\jre\21.0.10-win32-x86_64\bin\zip.dll
Event: 0.072 Loaded shared library C:\Users\ASUS\.vscode\extensions\redhat.java-1.53.0-win32-x64\jre\21.0.10-win32-x86_64\bin\instrument.dll
Event: 0.077 Loaded shared library C:\Users\ASUS\.vscode\extensions\redhat.java-1.53.0-win32-x64\jre\21.0.10-win32-x86_64\bin\net.dll
Event: 0.135 Loaded shared library C:\Users\ASUS\.vscode\extensions\redhat.java-1.53.0-win32-x64\jre\21.0.10-win32-x86_64\bin\nio.dll
Event: 0.139 Loaded shared library C:\Users\ASUS\.vscode\extensions\redhat.java-1.53.0-win32-x64\jre\21.0.10-win32-x86_64\bin\zip.dll
Event: 0.170 Loaded shared library C:\Users\ASUS\.vscode\extensions\redhat.java-1.53.0-win32-x64\jre\21.0.10-win32-x86_64\bin\jimage.dll
Event: 0.357 Loaded shared library c:\Users\ASUS\.vscode\extensions\redhat.java-1.53.0-win32-x64\jre\21.0.10-win32-x86_64\bin\verify.dll
Event: 13.817 Loaded shared library C:\Users\ASUS\AppData\Roaming\Code\User\globalStorage\redhat.java\1.53.0\config_win\org.eclipse.equinox.launcher\org.eclipse.equinox.launcher.win32.win32.x86_64_1.3.0.v20260203-2149\eclipse_11919.dll
Event: 27.388 Loaded shared library C:\Users\ASUS\.vscode\extensions\redhat.java-1.53.0-win32-x64\jre\21.0.10-win32-x86_64\bin\management.dll
Event: 27.390 Loaded shared library C:\Users\ASUS\.vscode\extensions\redhat.java-1.53.0-win32-x64\jre\21.0.10-win32-x86_64\bin\management_ext.dll
Event: 28.232 Loaded shared library C:\Users\ASUS\AppData\Local\Temp\jna-2018896\jna10104603695402752946.dll
Event: 28.410 Loaded shared library C:\Users\ASUS\.vscode\extensions\redhat.java-1.53.0-win32-x64\jre\21.0.10-win32-x86_64\bin\sunmscapi.dll
Event: 28.661 Loaded shared library C:\Users\ASUS\.vscode\extensions\redhat.java-1.53.0-win32-x64\jre\21.0.10-win32-x86_64\bin\extnet.dll

Deoptimization events (20 events):
Event: 17959.952 Thread 0x000002a2547a6800 DEOPT PACKING pc=0x000002a208abec58 sp=0x000000ac14bfe5c0
Event: 17959.953 Thread 0x000002a2547a6800 DEOPT UNPACKING pc=0x000002a2074a3aa2 sp=0x000000ac14bfe548 mode 2
Event: 17959.978 Thread 0x000002a2547a6800 Uncommon trap: trap_request=0xffffffd6 fr.pc=0x000002a208abec58 relative=0x0000000000000218
Event: 17959.978 Thread 0x000002a2547a6800 Uncommon trap: reason=array_check action=maybe_recompile pc=0x000002a208abec58 method=org.eclipse.jdt.internal.compiler.util.SimpleSetOfCharArray.asArray([Ljava/lang/Object;)V @ 54 c2
Event: 17959.978 Thread 0x000002a2547a6800 DEOPT PACKING pc=0x000002a208abec58 sp=0x000000ac14bfe5e0
Event: 17959.978 Thread 0x000002a2547a6800 DEOPT UNPACKING pc=0x000002a2074a3aa2 sp=0x000000ac14bfe568 mode 2
Event: 17959.979 Thread 0x000002a2547a6800 Uncommon trap: trap_request=0xffffffd6 fr.pc=0x000002a208abec58 relative=0x0000000000000218
Event: 17959.979 Thread 0x000002a2547a6800 Uncommon trap: reason=array_check action=maybe_recompile pc=0x000002a208abec58 method=org.eclipse.jdt.internal.compiler.util.SimpleSetOfCharArray.asArray([Ljava/lang/Object;)V @ 54 c2
Event: 17959.979 Thread 0x000002a2547a6800 DEOPT PACKING pc=0x000002a208abec58 sp=0x000000ac14bfe660
Event: 17959.979 Thread 0x000002a2547a6800 DEOPT UNPACKING pc=0x000002a2074a3aa2 sp=0x000000ac14bfe5e8 mode 2
Event: 18015.062 Thread 0x000002a2547a88d0 Uncommon trap: trap_request=0xffffff45 fr.pc=0x000002a208a9ad88 relative=0x0000000000000428
Event: 18015.062 Thread 0x000002a2547a88d0 Uncommon trap: reason=unstable_if action=reinterpret pc=0x000002a208a9ad88 method=org.eclipse.jdt.core.search.SearchPattern.matchesName([C[C)Z @ 68 c2
Event: 18015.062 Thread 0x000002a2547a88d0 DEOPT PACKING pc=0x000002a208a9ad88 sp=0x000000ac14cfe9d0
Event: 18015.062 Thread 0x000002a2547a88d0 DEOPT UNPACKING pc=0x000002a2074a3aa2 sp=0x000000ac14cfe930 mode 2
Event: 18015.064 Thread 0x000002a2547a6800 Uncommon trap: trap_request=0xffffffd6 fr.pc=0x000002a208abec58 relative=0x0000000000000218
Event: 18015.064 Thread 0x000002a2547a6800 Uncommon trap: reason=array_check action=maybe_recompile pc=0x000002a208abec58 method=org.eclipse.jdt.internal.compiler.util.SimpleSetOfCharArray.asArray([Ljava/lang/Object;)V @ 54 c2
Event: 18015.064 Thread 0x000002a2547a6800 DEOPT PACKING pc=0x000002a208abec58 sp=0x000000ac14bfe540
Event: 18015.065 Thread 0x000002a2547a6800 DEOPT UNPACKING pc=0x000002a2074a3aa2 sp=0x000000ac14bfe4c8 mode 2
Event: 18185.762 Thread 0x000002a2547a4730 DEOPT PACKING pc=0x000002a2023ad5e2 sp=0x000000ac16bfe380
Event: 18185.762 Thread 0x000002a2547a4730 DEOPT UNPACKING pc=0x000002a2074a4242 sp=0x000000ac16bfd898 mode 0

Classes loaded (20 events):
Event: 408.937 Loading class java/nio/file/FileTreeIterator
Event: 408.937 Loading class java/nio/file/FileTreeIterator done
Event: 409.698 Loading class java/util/stream/ReferencePipeline$4
Event: 409.699 Loading class java/util/stream/ReferencePipeline$4 done
Event: 409.699 Loading class java/util/stream/Nodes$IntFixedNodeBuilder
Event: 409.699 Loading class java/util/stream/Node$Builder$OfInt
Event: 409.699 Loading class java/util/stream/Node$Builder$OfInt done
Event: 409.699 Loading class java/util/stream/Nodes$IntArrayNode
Event: 409.700 Loading class java/util/stream/Nodes$IntArrayNode done
Event: 409.700 Loading class java/util/stream/Nodes$IntFixedNodeBuilder done
Event: 409.700 Loading class java/util/stream/ReferencePipeline$4$1
Event: 409.700 Loading class java/util/stream/ReferencePipeline$4$1 done
Event: 856.355 Loading class java/util/ImmutableCollections$SubList
Event: 856.357 Loading class java/util/ImmutableCollections$SubList done
Event: 10277.900 Loading class java/util/ArrayDeque$DeqSpliterator
Event: 10277.907 Loading class java/util/ArrayDeque$DeqSpliterator done
Event: 11149.459 Loading class java/util/regex/Pattern$Behind
Event: 11149.460 Loading class java/util/regex/Pattern$Behind done
Event: 11149.460 Loading class java/util/regex/Pattern$Neg
Event: 11149.460 Loading class java/util/regex/Pattern$Neg done

Classes unloaded (20 events):
Event: 10276.793 Thread 0x000002a2794f45d0 Unloading class 0x000002a210014800 'java/lang/invoke/LambdaForm$MH+0x000002a210014800'
Event: 10276.793 Thread 0x000002a2794f45d0 Unloading class 0x000002a21000d800 'java/lang/invoke/LambdaForm$MH+0x000002a21000d800'
Event: 10276.793 Thread 0x000002a2794f45d0 Unloading class 0x000002a21000d400 'java/lang/invoke/LambdaForm$MH+0x000002a21000d400'
Event: 10276.793 Thread 0x000002a2794f45d0 Unloading class 0x000002a21000d000 'java/lang/invoke/LambdaForm$MH+0x000002a21000d000'
Event: 10276.793 Thread 0x000002a2794f45d0 Unloading class 0x000002a21000cc00 'java/lang/invoke/LambdaForm$MH+0x000002a21000cc00'
Event: 10276.793 Thread 0x000002a2794f45d0 Unloading class 0x000002a21000c800 'java/lang/invoke/LambdaForm$BMH+0x000002a21000c800'
Event: 10276.793 Thread 0x000002a2794f45d0 Unloading class 0x000002a21000c000 'java/lang/invoke/LambdaForm$DMH+0x000002a21000c000'
Event: 10276.793 Thread 0x000002a2794f45d0 Unloading class 0x000002a210008c00 'java/lang/invoke/LambdaForm$MH+0x000002a210008c00'
Event: 10276.793 Thread 0x000002a2794f45d0 Unloading class 0x000002a210008800 'java/lang/invoke/LambdaForm$MH+0x000002a210008800'
Event: 10276.793 Thread 0x000002a2794f45d0 Unloading class 0x000002a210008400 'java/lang/invoke/LambdaForm$MH+0x000002a210008400'
Event: 10276.794 Thread 0x000002a2794f45d0 Unloading class 0x000002a210007000 'java/lang/invoke/LambdaForm$MH+0x000002a210007000'
Event: 10276.794 Thread 0x000002a2794f45d0 Unloading class 0x000002a210006c00 'java/lang/invoke/LambdaForm$MH+0x000002a210006c00'
Event: 10276.794 Thread 0x000002a2794f45d0 Unloading class 0x000002a210006800 'java/lang/invoke/LambdaForm$MH+0x000002a210006800'
Event: 10276.794 Thread 0x000002a2794f45d0 Unloading class 0x000002a210006400 'java/lang/invoke/LambdaForm$MH+0x000002a210006400'
Event: 10276.794 Thread 0x000002a2794f45d0 Unloading class 0x000002a210005c00 'java/lang/invoke/LambdaForm$BMH+0x000002a210005c00'
Event: 10276.794 Thread 0x000002a2794f45d0 Unloading class 0x000002a210004800 'java/lang/invoke/LambdaForm$DMH+0x000002a210004800'
Event: 10276.794 Thread 0x000002a2794f45d0 Unloading class 0x000002a210002400 'java/lang/invoke/LambdaForm$MH+0x000002a210002400'
Event: 10276.794 Thread 0x000002a2794f45d0 Unloading class 0x000002a210002000 'java/lang/invoke/LambdaForm$MH+0x000002a210002000'
Event: 10276.794 Thread 0x000002a2794f45d0 Unloading class 0x000002a210001800 'java/lang/invoke/LambdaForm$MH+0x000002a210001800'
Event: 10276.794 Thread 0x000002a2794f45d0 Unloading class 0x000002a210000400 'java/lang/invoke/LambdaForm$MH+0x000002a210000400'

Classes redefined (0 events):
No events

Internal exceptions (20 events):
Event: 10721.851 Thread 0x000002a27d835ab0 Exception <a 'sun/nio/fs/WindowsException'{0x00000000d56f63a0}> (0x00000000d56f63a0) 
thrown [s\src\hotspot\share\prims\jni.cpp, line 520]
Event: 10721.929 Thread 0x000002a27d835ab0 Exception <a 'sun/nio/fs/WindowsException'{0x00000000d5605498}> (0x00000000d5605498) 
thrown [s\src\hotspot\share\prims\jni.cpp, line 520]
Event: 11148.195 Thread 0x000002a2547a40a0 Implicit null exception at 0x000002a20888211d to 0x000002a2088839ac
Event: 11148.206 Thread 0x000002a2547a40a0 Exception <a 'java/lang/NoSuchMethodError'{0x00000000d566e6c0}: 'void java.lang.invoke.DelegatingMethodHandle$Holder.reinvoke_L(java.lang.Object, java.lang.Object, int)'> (0x00000000d566e6c0) 
thrown [s\src\hotspot\share\interpreter\linkResolver.cpp, line 773]
Event: 11148.339 Thread 0x000002a2547a40a0 Exception <a 'java/lang/ArrayIndexOutOfBoundsException'{0x00000000d5721228}: Index 680 out of bounds for length 679> (0x00000000d5721228) 
thrown [s\src\hotspot\share\interpreter\interpreterRuntime.cpp, line 439]
Event: 11149.386 Thread 0x000002a2547a40a0 Exception <a 'java/lang/NoSuchMethodError'{0x00000000d569bdb8}: 'int java.lang.invoke.DirectMethodHandle$Holder.invokeVirtual(java.lang.Object, java.lang.Object, java.lang.Object, int)'> (0x00000000d569bdb8) 
thrown [s\src\hotspot\share\interpreter\linkResolver.cpp, line 773]
Event: 11149.400 Thread 0x000002a2547a40a0 Exception <a 'java/lang/NoSuchMethodError'{0x00000000d56ef7d0}: 'void java.lang.invoke.DirectMethodHandle$Holder.invokeSpecial(java.lang.Object, java.lang.Object, int)'> (0x00000000d56ef7d0) 
thrown [s\src\hotspot\share\interpreter\linkResolver.cpp, line 773]
Event: 16615.546 Thread 0x000002a2547a4dc0 Exception <a 'java/lang/NoSuchMethodError'{0x00000000d56d3198}: 'java.lang.Object java.lang.invoke.DirectMethodHandle$Holder.invokeStatic(java.lang.Object, java.lang.Object, int, java.lang.Object)'> (0x00000000d56d3198) 
thrown [s\src\hotspot\share\interpreter\linkResolver.cpp, line 773]
Event: 16615.558 Thread 0x000002a2547a4dc0 Exception <a 'java/lang/NoSuchMethodError'{0x00000000d56d9ff8}: 'java.lang.Object java.lang.invoke.DirectMethodHandle$Holder.newInvokeSpecial(java.lang.Object, java.lang.Object, int)'> (0x00000000d56d9ff8) 
thrown [s\src\hotspot\share\interpreter\linkResolver.cpp, line 773]
Event: 16615.635 Thread 0x000002a2547a4dc0 Implicit null exception at 0x000002a20820165a to 0x000002a2082016b3
Event: 16615.643 Thread 0x000002a2547a3380 Exception <a 'java/lang/ArrayIndexOutOfBoundsException'{0x00000000d565b608}> (0x00000000d565b608) 
thrown [s\src\hotspot\share\runtime\sharedRuntime.cpp, line 625]
Event: 16615.670 Thread 0x000002a27d835ab0 Exception <a 'sun/nio/fs/WindowsException'{0x00000000d570e208}> (0x00000000d570e208) 
thrown [s\src\hotspot\share\prims\jni.cpp, line 520]
Event: 16615.786 Thread 0x000002a27d835ab0 Exception <a 'sun/nio/fs/WindowsException'{0x00000000d5624820}> (0x00000000d5624820) 
thrown [s\src\hotspot\share\prims\jni.cpp, line 520]
Event: 16687.387 Thread 0x000002a2547a4dc0 Implicit null exception at 0x000002a208930aef to 0x000002a208930eb4
Event: 16687.397 Thread 0x000002a2547a4dc0 Implicit null exception at 0x000002a2088441b9 to 0x000002a2088443c0
Event: 16849.781 Thread 0x000002a254d1e920 Exception <a 'java/lang/IncompatibleClassChangeError'{0x00000000d58a9890}: Found class java.lang.Object, but interface was expected> (0x00000000d58a9890) 
thrown [s\src\hotspot\share\interpreter\linkResolver.cpp, line 840]
Event: 16849.781 Thread 0x000002a254d1e920 Implicit null exception at 0x000002a208448525 to 0x000002a2084488f8
Event: 16850.052 Thread 0x000002a254d1e920 Exception <a 'java/lang/IncompatibleClassChangeError'{0x00000000d56e31f8}: Found class java.lang.Object, but interface was expected> (0x00000000d56e31f8) 
thrown [s\src\hotspot\share\interpreter\linkResolver.cpp, line 840]
Event: 16850.067 Thread 0x000002a2547a4dc0 Exception <a 'java/lang/NoSuchMethodError'{0x00000000d56fea68}: 'java.lang.Object java.lang.invoke.DirectMethodHandle$Holder.invokeStatic(java.lang.Object, int, int, java.lang.Object)'> (0x00000000d56fea68) 
thrown [s\src\hotspot\share\interpreter\linkResolver.cpp, line 773]
Event: 16850.106 Thread 0x000002a2547a4dc0 Exception <a 'java/lang/NoSuchMethodError'{0x00000000d57b4a88}: 'java.lang.Object java.lang.invoke.DirectMethodHandle$Holder.invokeStatic(java.lang.Object, int, java.lang.Object)'> (0x00000000d57b4a88) 
thrown [s\src\hotspot\share\interpreter\linkResolver.cpp, line 773]

ZGC Phase Switch (0 events):
No events

VM Operations (20 events):
Event: 18185.716 Executing safepoint VM operation: ParallelGCFailedAllocation (Allocation Failure)
Event: 18185.723 Executing safepoint VM operation: ParallelGCFailedAllocation (Allocation Failure) done
Event: 18185.729 Executing safepoint VM operation: ParallelGCFailedAllocation (Allocation Failure)
Event: 18185.734 Executing safepoint VM operation: ParallelGCFailedAllocation (Allocation Failure) done
Event: 18185.740 Executing safepoint VM operation: ParallelGCFailedAllocation (Allocation Failure)
Event: 18185.742 Executing safepoint VM operation: ParallelGCFailedAllocation (Allocation Failure) done
Event: 18185.749 Executing safepoint VM operation: ParallelGCFailedAllocation (Allocation Failure)
Event: 18185.754 Executing safepoint VM operation: ParallelGCFailedAllocation (Allocation Failure) done
Event: 18185.769 Executing safepoint VM operation: ParallelGCFailedAllocation (Allocation Failure)
Event: 18185.772 Executing safepoint VM operation: ParallelGCFailedAllocation (Allocation Failure) done
Event: 18185.782 Executing safepoint VM operation: ParallelGCFailedAllocation (Allocation Failure)
Event: 18185.785 Executing safepoint VM operation: ParallelGCFailedAllocation (Allocation Failure) done
Event: 18216.198 Executing non-safepoint VM operation: HandshakeAllThreads (HandshakeForDeflation)
Event: 18216.199 Executing non-safepoint VM operation: HandshakeAllThreads (HandshakeForDeflation) done
Event: 18216.201 Executing non-safepoint VM operation: RendezvousGCThreads
Event: 18216.201 Executing non-safepoint VM operation: RendezvousGCThreads done
Event: 18336.408 Executing non-safepoint VM operation: HandshakeAllThreads (HandshakeForDeflation)
Event: 18336.408 Executing non-safepoint VM operation: HandshakeAllThreads (HandshakeForDeflation) done
Event: 18336.408 Executing non-safepoint VM operation: RendezvousGCThreads
Event: 18336.408 Executing non-safepoint VM operation: RendezvousGCThreads done

Memory protections (0 events):
No events

Nmethod flushes (20 events):
Event: 10277.300 Thread 0x000002a2794f45d0 flushing  nmethod 0x000002a200f0a390
Event: 10277.300 Thread 0x000002a2794f45d0 flushing  nmethod 0x000002a200f10890
Event: 10277.300 Thread 0x000002a2794f45d0 flushing  nmethod 0x000002a200f10c90
Event: 10277.300 Thread 0x000002a2794f45d0 flushing  nmethod 0x000002a200f11090
Event: 10277.300 Thread 0x000002a2794f45d0 flushing  nmethod 0x000002a200f11590
Event: 10277.300 Thread 0x000002a2794f45d0 flushing  nmethod 0x000002a200f11f10
Event: 10277.300 Thread 0x000002a2794f45d0 flushing  nmethod 0x000002a200f12d90
Event: 10277.300 Thread 0x000002a2794f45d0 flushing  nmethod 0x000002a200f14c90
Event: 10277.300 Thread 0x000002a2794f45d0 flushing  nmethod 0x000002a200f15190
Event: 10277.300 Thread 0x000002a2794f45d0 flushing  nmethod 0x000002a200f17d10
Event: 10277.300 Thread 0x000002a2794f45d0 flushing  nmethod 0x000002a200f24310
Event: 10277.300 Thread 0x000002a2794f45d0 flushing  nmethod 0x000002a200f32390
Event: 10277.300 Thread 0x000002a2794f45d0 flushing  nmethod 0x000002a200f33190
Event: 10277.300 Thread 0x000002a2794f45d0 flushing  nmethod 0x000002a200f67490
Event: 10277.300 Thread 0x000002a2794f45d0 flushing  nmethod 0x000002a200f6a990
Event: 10277.300 Thread 0x000002a2794f45d0 flushing  nmethod 0x000002a200f6b490
Event: 10277.300 Thread 0x000002a2794f45d0 flushing  nmethod 0x000002a200f70b10
Event: 10277.300 Thread 0x000002a2794f45d0 flushing  nmethod 0x000002a200f71890
Event: 10277.300 Thread 0x000002a2794f45d0 flushing  nmethod 0x000002a200f88b10
Event: 10277.300 Thread 0x000002a2794f45d0 flushing  nmethod 0x000002a200f9c090

Events (20 events):
Event: 17590.866 Thread 0x000002a2547a2660 Thread exited: 0x000002a2547a2660
Event: 17650.871 Thread 0x000002a2547a6800 Thread exited: 0x000002a2547a6800
Event: 17710.872 Thread 0x000002a2547a1fd0 Thread exited: 0x000002a2547a1fd0
Event: 17750.505 Thread 0x000002a254d1e920 Thread added: 0x000002a2547a8240
Event: 17750.513 Thread 0x000002a2547a8240 Thread added: 0x000002a2547a7bb0
Event: 17750.553 Thread 0x000002a2547a8240 Thread added: 0x000002a2547a4730
Event: 17810.590 Thread 0x000002a2547a8240 Thread exited: 0x000002a2547a8240
Event: 17810.590 Thread 0x000002a2547a7bb0 Thread exited: 0x000002a2547a7bb0
Event: 17870.603 Thread 0x000002a2547a4730 Thread exited: 0x000002a2547a4730
Event: 17959.936 Thread 0x000002a254d1e920 Thread added: 0x000002a2547a6800
Event: 17959.939 Thread 0x000002a2547a6800 Thread added: 0x000002a2547a88d0
Event: 18015.045 Thread 0x000002a2547a6800 Thread added: 0x000002a2547a4730
Event: 18075.159 Thread 0x000002a2547a88d0 Thread exited: 0x000002a2547a88d0
Event: 18075.159 Thread 0x000002a2547a6800 Thread exited: 0x000002a2547a6800
Event: 18133.377 Thread 0x000002a2547a4730 Thread added: 0x000002a2547a4dc0
Event: 18133.382 Thread 0x000002a2547a4730 Thread added: 0x000002a2547a3a10
Event: 18161.480 Thread 0x000002a2547a4dc0 Thread added: 0x000002a2547a7bb0
Event: 18245.799 Thread 0x000002a2547a4730 Thread exited: 0x000002a2547a4730
Event: 18305.814 Thread 0x000002a2547a3a10 Thread exited: 0x000002a2547a3a10
Event: 18365.815 Thread 0x000002a2547a7bb0 Thread exited: 0x000002a2547a7bb0


Dynamic libraries:
0x00007ff7acb20000 - 0x00007ff7acb2e000 	c:\Users\ASUS\.vscode\extensions\redhat.java-1.53.0-win32-x64\jre\21.0.10-win32-x86_64\bin\java.exe
0x00007ffb8c210000 - 0x00007ffb8c428000 	C:\Windows\SYSTEM32\ntdll.dll
0x00007ffb8aae0000 - 0x00007ffb8aba4000 	C:\Windows\System32\KERNEL32.DLL
0x00007ffb89600000 - 0x00007ffb899d3000 	C:\Windows\System32\KERNELBASE.dll
0x00007ffb89b50000 - 0x00007ffb89c61000 	C:\Windows\System32\ucrtbase.dll
0x00007ffb1c590000 - 0x00007ffb1c5ae000 	c:\Users\ASUS\.vscode\extensions\redhat.java-1.53.0-win32-x64\jre\21.0.10-win32-x86_64\bin\VCRUNTIME140.dll
0x00007ffb1c600000 - 0x00007ffb1c618000 	c:\Users\ASUS\.vscode\extensions\redhat.java-1.53.0-win32-x64\jre\21.0.10-win32-x86_64\bin\jli.dll
0x00007ffb8a2f0000 - 0x00007ffb8a4a2000 	C:\Windows\System32\USER32.dll
0x00007ffb89320000 - 0x00007ffb89346000 	C:\Windows\System32\win32u.dll
0x00007ffb70140000 - 0x00007ffb703dc000 	C:\Windows\WinSxS\amd64_microsoft.windows.common-controls_6595b64144ccf1df_6.0.22621.6060_none_2712eda17382d24b\COMCTL32.dll
0x00007ffb8aed0000 - 0x00007ffb8aef9000 	C:\Windows\System32\GDI32.dll
0x00007ffb89c70000 - 0x00007ffb89d8b000 	C:\Windows\System32\gdi32full.dll
0x00007ffb8a4b0000 - 0x00007ffb8a557000 	C:\Windows\System32\msvcrt.dll
0x00007ffb89e10000 - 0x00007ffb89eaa000 	C:\Windows\System32\msvcp_win.dll
0x00007ffb8aaa0000 - 0x00007ffb8aad1000 	C:\Windows\System32\IMM32.DLL
0x00007ffb87c50000 - 0x00007ffb87c5e000 	C:\Windows\system32\drivers\WsInjtdll64.dll
0x00007ffb87c20000 - 0x00007ffb87c4c000 	C:\Windows\system32\drivers\WsInjProctDll64.dll
0x00007ffb87be0000 - 0x00007ffb87c1f000 	C:\Program Files\SecureLink\resources\app.asar.unpacked\assets\app-ext\securelink\ita\WsITGuard64.dll
0x00007ffb87bb0000 - 0x00007ffb87bd5000 	C:\Program Files\SecureLink\resources\app.asar.unpacked\assets\app-ext\securelink\ita\WsLinkModule64.dll
0x00007ffb1c580000 - 0x00007ffb1c58c000 	c:\Users\ASUS\.vscode\extensions\redhat.java-1.53.0-win32-x64\jre\21.0.10-win32-x86_64\bin\vcruntime140_1.dll
0x00007ffb1c4f0000 - 0x00007ffb1c57d000 	c:\Users\ASUS\.vscode\extensions\redhat.java-1.53.0-win32-x64\jre\21.0.10-win32-x86_64\bin\msvcp140.dll
0x00007ffb1b740000 - 0x00007ffb1c4e1000 	c:\Users\ASUS\.vscode\extensions\redhat.java-1.53.0-win32-x64\jre\21.0.10-win32-x86_64\bin\server\jvm.dll
0x00007ffb8af00000 - 0x00007ffb8afb1000 	C:\Windows\System32\ADVAPI32.dll
0x00007ffb8b870000 - 0x00007ffb8b918000 	C:\Windows\System32\sechost.dll
0x00007ffb899e0000 - 0x00007ffb89a08000 	C:\Windows\System32\bcrypt.dll
0x00007ffb8bee0000 - 0x00007ffb8bff8000 	C:\Windows\System32\RPCRT4.dll
0x00007ffb89eb0000 - 0x00007ffb89f21000 	C:\Windows\System32\WS2_32.dll
0x00007ffb89040000 - 0x00007ffb8908d000 	C:\Windows\SYSTEM32\POWRPROF.dll
0x00007ffb7f010000 - 0x00007ffb7f044000 	C:\Windows\SYSTEM32\WINMM.dll
0x00007ffb71360000 - 0x00007ffb7136a000 	C:\Windows\SYSTEM32\VERSION.dll
0x00007ffb89020000 - 0x00007ffb89033000 	C:\Windows\SYSTEM32\UMPDC.dll
0x00007ffb88300000 - 0x00007ffb88318000 	C:\Windows\SYSTEM32\kernel.appcore.dll
0x00007ffb1b730000 - 0x00007ffb1b73a000 	c:\Users\ASUS\.vscode\extensions\redhat.java-1.53.0-win32-x64\jre\21.0.10-win32-x86_64\bin\jimage.dll
0x00007ffb86c70000 - 0x00007ffb86ea3000 	C:\Windows\SYSTEM32\DBGHELP.DLL
0x00007ffb8b9b0000 - 0x00007ffb8bd41000 	C:\Windows\System32\combase.dll
0x00007ffb8be00000 - 0x00007ffb8bed8000 	C:\Windows\System32\OLEAUT32.dll
0x00007ffb6c940000 - 0x00007ffb6c972000 	C:\Windows\SYSTEM32\dbgcore.DLL
0x00007ffb89d90000 - 0x00007ffb89e0b000 	C:\Windows\System32\bcryptPrimitives.dll
0x00007ffb1b720000 - 0x00007ffb1b72f000 	c:\Users\ASUS\.vscode\extensions\redhat.java-1.53.0-win32-x64\jre\21.0.10-win32-x86_64\bin\instrument.dll
0x00007ffb1b700000 - 0x00007ffb1b720000 	c:\Users\ASUS\.vscode\extensions\redhat.java-1.53.0-win32-x64\jre\21.0.10-win32-x86_64\bin\java.dll
0x00007ffb8afc0000 - 0x00007ffb8b85c000 	C:\Windows\System32\SHELL32.dll
0x00007ffb89a10000 - 0x00007ffb89b4f000 	C:\Windows\System32\wintypes.dll
0x00007ffb87170000 - 0x00007ffb87a8a000 	C:\Windows\SYSTEM32\windows.storage.dll
0x00007ffb89fc0000 - 0x00007ffb8a0c4000 	C:\Windows\System32\SHCORE.dll
0x00007ffb8aa30000 - 0x00007ffb8aa99000 	C:\Windows\System32\shlwapi.dll
0x00007ffb89250000 - 0x00007ffb89275000 	C:\Windows\SYSTEM32\profapi.dll
0x00007ffb1b6e0000 - 0x00007ffb1b6f8000 	c:\Users\ASUS\.vscode\extensions\redhat.java-1.53.0-win32-x64\jre\21.0.10-win32-x86_64\bin\zip.dll
0x00007ffb1b6d0000 - 0x00007ffb1b6e0000 	C:\Users\ASUS\.vscode\extensions\redhat.java-1.53.0-win32-x64\jre\21.0.10-win32-x86_64\bin\net.dll
0x00007ffb825b0000 - 0x00007ffb826dc000 	C:\Windows\SYSTEM32\WINHTTP.dll
0x00007ffb887e0000 - 0x00007ffb88849000 	C:\Windows\system32\mswsock.dll
0x00007ffb1e970000 - 0x00007ffb1e986000 	C:\Users\ASUS\.vscode\extensions\redhat.java-1.53.0-win32-x64\jre\21.0.10-win32-x86_64\bin\nio.dll
0x00007ffb1dde0000 - 0x00007ffb1ddf0000 	c:\Users\ASUS\.vscode\extensions\redhat.java-1.53.0-win32-x64\jre\21.0.10-win32-x86_64\bin\verify.dll
0x00007ffb673a0000 - 0x00007ffb673e5000 	C:\Users\ASUS\AppData\Roaming\Code\User\globalStorage\redhat.java\1.53.0\config_win\org.eclipse.equinox.launcher\org.eclipse.equinox.launcher.win32.win32.x86_64_1.3.0.v20260203-2149\eclipse_11919.dll
0x00007ffb8a140000 - 0x00007ffb8a2e1000 	C:\Windows\System32\ole32.dll
0x00007ffb81260000 - 0x00007ffb8126a000 	C:\Users\ASUS\.vscode\extensions\redhat.java-1.53.0-win32-x64\jre\21.0.10-win32-x86_64\bin\management.dll
0x00007ffb7f8b0000 - 0x00007ffb7f8bc000 	C:\Users\ASUS\.vscode\extensions\redhat.java-1.53.0-win32-x64\jre\21.0.10-win32-x86_64\bin\management_ext.dll
0x00007ffb8b860000 - 0x00007ffb8b868000 	C:\Windows\System32\PSAPI.DLL
0x00007ffb88a30000 - 0x00007ffb88a4b000 	C:\Windows\SYSTEM32\CRYPTSP.dll
0x00007ffb88260000 - 0x00007ffb88297000 	C:\Windows\system32\rsaenh.dll
0x00007ffb888d0000 - 0x00007ffb888f8000 	C:\Windows\SYSTEM32\USERENV.dll
0x00007ffb88a50000 - 0x00007ffb88a5c000 	C:\Windows\SYSTEM32\CRYPTBASE.dll
0x00007ffb87de0000 - 0x00007ffb87e0d000 	C:\Windows\SYSTEM32\IPHLPAPI.DLL
0x00007ffb8aa20000 - 0x00007ffb8aa29000 	C:\Windows\System32\NSI.dll
0x00007ffb5cb30000 - 0x00007ffb5cb79000 	C:\Users\ASUS\AppData\Local\Temp\jna-2018896\jna10104603695402752946.dll
0x00007ffb80100000 - 0x00007ffb80119000 	C:\Windows\SYSTEM32\dhcpcsvc6.DLL
0x00007ffb800e0000 - 0x00007ffb800ff000 	C:\Windows\SYSTEM32\dhcpcsvc.DLL
0x00007ffb7e550000 - 0x00007ffb7e55e000 	C:\Users\ASUS\.vscode\extensions\redhat.java-1.53.0-win32-x64\jre\21.0.10-win32-x86_64\bin\sunmscapi.dll
0x00007ffb89350000 - 0x00007ffb894b8000 	C:\Windows\System32\CRYPT32.dll
0x00007ffb88c60000 - 0x00007ffb88c8e000 	C:\Windows\SYSTEM32\ncrypt.dll
0x00007ffb88c20000 - 0x00007ffb88c57000 	C:\Windows\SYSTEM32\NTASN1.dll
0x00007ffb7e540000 - 0x00007ffb7e549000 	C:\Users\ASUS\.vscode\extensions\redhat.java-1.53.0-win32-x64\jre\21.0.10-win32-x86_64\bin\extnet.dll

JVMTI agents:
c:\Users\ASUS\.vscode\extensions\redhat.java-1.53.0-win32-x64\lombok\lombok-1.18.39-4050.jar path:c:\Users\ASUS\.vscode\extensions\redhat.java-1.53.0-win32-x64\jre\21.0.10-win32-x86_64\bin\instrument.dll, loaded, initialized, instrumentlib options:none

dbghelp: loaded successfully - version: 4.0.5 - missing functions: none
symbol engine: initialized successfully - sym options: 0x614 - pdb path: .;c:\Users\ASUS\.vscode\extensions\redhat.java-1.53.0-win32-x64\jre\21.0.10-win32-x86_64\bin;C:\Windows\SYSTEM32;C:\Windows\WinSxS\amd64_microsoft.windows.common-controls_6595b64144ccf1df_6.0.22621.6060_none_2712eda17382d24b;C:\Windows\system32\drivers;C:\Program Files\SecureLink\resources\app.asar.unpacked\assets\app-ext\securelink\ita;c:\Users\ASUS\.vscode\extensions\redhat.java-1.53.0-win32-x64\jre\21.0.10-win32-x86_64\bin\server;C:\Users\ASUS\AppData\Roaming\Code\User\globalStorage\redhat.java\1.53.0\config_win\org.eclipse.equinox.launcher\org.eclipse.equinox.launcher.win32.win32.x86_64_1.3.0.v20260203-2149;C:\Users\ASUS\AppData\Local\Temp\jna-2018896

VM Arguments:
jvm_args: --add-modules=ALL-SYSTEM --add-opens=java.base/java.util=ALL-UNNAMED --add-opens=java.base/java.lang=ALL-UNNAMED --add-opens=java.base/sun.nio.fs=ALL-UNNAMED -Declipse.application=org.eclipse.jdt.ls.core.id1 -Dosgi.bundles.defaultStartLevel=4 -Declipse.product=org.eclipse.jdt.ls.core.product -Djava.import.generatesMetadataFilesAtProjectRoot=false -DDetectVMInstallationsJob.disabled=true -Dfile.encoding=utf8 -XX:+UseParallelGC -XX:GCTimeRatio=4 -XX:AdaptiveSizePolicyWeight=90 -Dsun.zip.disableMemoryMapping=true -Xmx2G -Xms100m -Xlog:disable -javaagent:c:\Users\ASUS\.vscode\extensions\redhat.java-1.53.0-win32-x64\lombok\lombok-1.18.39-4050.jar -XX:+HeapDumpOnOutOfMemoryError -XX:HeapDumpPath=c:\Users\ASUS\AppData\Roaming\Code\User\workspaceStorage\dbc611f2a0a6147e65777407f3a589cf\redhat.java -Daether.dependencyCollector.impl=bf 
java_command: c:\Users\ASUS\.vscode\extensions\redhat.java-1.53.0-win32-x64\server\plugins\org.eclipse.equinox.launcher_1.7.100.v20251111-0406.jar -configuration c:\Users\ASUS\AppData\Roaming\Code\User\globalStorage\redhat.java\1.53.0\config_win -data c:\Users\ASUS\AppData\Roaming\Code\User\workspaceStorage\dbc611f2a0a6147e65777407f3a589cf\redhat.java\jdt_ws --pipe=\\.\pipe\lsp-9cac203bee46824b8b1c3b440d04a636-sock
java_class_path (initial): c:\Users\ASUS\.vscode\extensions\redhat.java-1.53.0-win32-x64\server\plugins\org.eclipse.equinox.launcher_1.7.100.v20251111-0406.jar
Launcher Type: SUN_STANDARD

[Global flags]
    uintx AdaptiveSizePolicyWeight                 = 90                                        {product} {command line}
     intx CICompilerCount                          = 12                                        {product} {ergonomic}
    uintx GCTimeRatio                              = 4                                         {product} {command line}
     bool HeapDumpOnOutOfMemoryError               = true                                   {manageable} {command line}
    ccstr HeapDumpPath                             = c:\Users\ASUS\AppData\Roaming\Code\User\workspaceStorage\dbc611f2a0a6147e65777407f3a589cf\redhat.java         {manageable} {command line}
   size_t InitialHeapSize                          = 104857600                                 {product} {command line}
   size_t MaxHeapSize                              = 2147483648                                {product} {command line}
   size_t MaxNewSize                               = 715653120                                 {product} {ergonomic}
   size_t MinHeapDeltaBytes                        = 524288                                    {product} {ergonomic}
   size_t MinHeapSize                              = 104857600                                 {product} {command line}
   size_t NewSize                                  = 34603008                                  {product} {ergonomic}
    uintx NonNMethodCodeHeapSize                   = 7602480                                {pd product} {ergonomic}
    uintx NonProfiledCodeHeapSize                  = 122027880                              {pd product} {ergonomic}
   size_t OldSize                                  = 70254592                                  {product} {ergonomic}
    uintx ProfiledCodeHeapSize                     = 122027880                              {pd product} {ergonomic}
    uintx ReservedCodeCacheSize                    = 251658240                              {pd product} {ergonomic}
     bool SegmentedCodeCache                       = true                                      {product} {ergonomic}
   size_t SoftMaxHeapSize                          = 2147483648                             {manageable} {ergonomic}
     bool UseCompressedOops                        = true                           {product lp64_product} {ergonomic}
     bool UseLargePagesIndividualAllocation        = false                                  {pd product} {ergonomic}
     bool UseParallelGC                            = true                                      {product} {command line}

Logging:
Log output configuration:
 #0: stdout all=off uptime,level,tags foldmultilines=false
 #1: stderr all=off uptime,level,tags foldmultilines=false

Release file:
JAVA_VERSION="21.0.10" 
MODULES="java.base java.compiler java.datatransfer java.xml java.prefs java.desktop java.instrument java.logging java.management java.security.sasl java.naming java.rmi java.management.rmi java.net.http java.scripting java.security.jgss java.transaction.xa java.sql java.sql.rowset java.xml.crypto java.se java.smartcardio jdk.accessibility jdk.internal.jvmstat jdk.attach jdk.charsets jdk.internal.opt jdk.zipfs jdk.compiler jdk.crypto.ec jdk.crypto.cryptoki jdk.crypto.mscapi jdk.dynalink jdk.internal.ed jdk.editpad jdk.hotspot.agent jdk.httpserver jdk.internal.le jdk.internal.vm.ci jdk.internal.vm.compiler jdk.internal.vm.compiler.management jdk.jartool jdk.javadoc jdk.jcmd jdk.management jdk.management.agent jdk.jconsole jdk.jdeps jdk.jdwp.agent jdk.jdi jdk.jfr jdk.jshell jdk.jsobject jdk.jstatd jdk.localedata jdk.management.jfr jdk.naming.dns jdk.naming.rmi jdk.net jdk.nio.mapmode jdk.random jdk.sctp jdk.security.auth jdk.security.jgss jdk.unsupported jdk.unsupported.desktop jdk.xml.dom" 

Environment Variables:
JAVA_HOME=D:\Program Files\Java\jdk-17.0.0.1
CLASSPATH=.;D:\Program Files\Java\jdk-17.0.0.1\lib 
PATH=C:\Users\ASUS\AppData\Local\Programs\Microsoft VS Code;C:\Program Files (x86)\Common Files\NetSarang;D:\Program Files (x86)\VMware\VMware Workstation\bin\;C:\Windows;C:\Windows\system32;C:\Windows\System32\Wbem;C:\Windows\System32\OpenSSH\;C:\Windows\System32\WindowsPowerShell\v1.0\;D:\Program Files\Java\jdk-17.0.0.1\bin;D:\Program Files\apache-maven-3.9.9\bin;D:\Program Files\Git\cmd;D:\Program Files\峚陓web羲楷氪馱撿\dll;E:\two;assembly_lang\dosbox;D:\Program Files\Tesseract-OCR;D:\anaconda3;D:\anaconda3\Scripts;D:\anaconda3\Library\bin;C:\Program Files (x86)\mingw64\bin;node_global;D:\Program Files\ffmpeg-2025-03-10-essentials_build\bin;C:\Program Files (x86)\Windows Kits\10\Windows Performance Toolkit\;C:\Program Files\dotnet\;E:\two\course\Computer_Network_and_Internet\homework\CCNA Network Visualizer 6.0\CCNA.NetworkVisualizer6\Ckr\bin;C:\Program Files\MySQL\MySQL Server 8.0\bin;C:\Users\ASUS\AppData\Local\nvm;C:\nvm4w\nodejs;D:\Program Files (x86)\Android\android-sdk\platform-tools;D:\Program Files (x86)\Android\android-sdk\tools;C:\Program Files\Common Files\Oracle\Java\javapath;D:\Program Files\Redis-x64-5.0.14.1;C:\Users\ASUS\AppData\Local\Programs\Python\Python37\Scripts\;C:\Users\ASUS\AppData\Local\Programs\Python\Python37\;C:\Users\ASUS\AppData\Local\Programs\Python\Launcher\;C:\Users\ASUS\AppData\Local\Microsoft\WindowsApps;D:\MinGW\mingw32\bin;C:\msys64\ucrt64\bin;C:\Users\ASUS\AppData\Local\Programs\Microsoft VS Code\bin;D:\Program Files\DevEco Studio\bin;;C:\Users\ASUS\.dotnet\tools;C:\Users\ASUS\AppData\Roaming\npm;D:\Program Files\JetBrains\PyCharm Community Edition 2024.3.4\bin;;D:\Program Files\JetBrains\IntelliJ IDEA 2025.2.1\bin;C:\Users\ASUS\AppData\Local\Programs\cursor\resources\app\bin;C:\Users\ASUS\AppData\Local\nvm;C:\nvm4w\nodejs;D:\Program Files\mitmproxy\bin;C:\Users\ASUS\AppData\Roaming\TinyTeX\bin\windows;D:\Program Files\Antigravity\bin
USERNAME=ASUS
OS=Windows_NT
PROCESSOR_IDENTIFIER=Intel64 Family 6 Model 186 Stepping 2, GenuineIntel
TMP=C:\Users\ASUS\AppData\Local\Temp
TEMP=C:\Users\ASUS\AppData\Local\Temp




Periodic native trim disabled

---------------  S Y S T E M  ---------------

OS:
 Windows 11 , 64 bit Build 22621 (10.0.22621.5415)
OS uptime: 0 days 10:28 hours

CPU: total 20 (initial active 20) (10 cores per cpu, 2 threads per core) family 6 model 186 stepping 2 microcode 0x410e, cx8, cmov, fxsr, ht, mmx, 3dnowpref, sse, sse2, sse3, ssse3, sse4.1, sse4.2, popcnt, lzcnt, tsc, tscinvbit, avx, avx2, aes, erms, clmul, bmi1, bmi2, adx, sha, fma, vzeroupper, clflush, clflushopt, clwb, serialize, rdtscp, rdpid, fsrm, f16c, pku, cet_ibt, cet_ss
Processor Information for processor 0
  Max Mhz: 2600, Current Mhz: 2600, Mhz Limit: 2600
Processor Information for processor 1
  Max Mhz: 2600, Current Mhz: 2600, Mhz Limit: 2600
Processor Information for processor 2
  Max Mhz: 2600, Current Mhz: 2600, Mhz Limit: 2600
Processor Information for processor 3
  Max Mhz: 2600, Current Mhz: 2600, Mhz Limit: 2600
Processor Information for processor 4
  Max Mhz: 2600, Current Mhz: 2600, Mhz Limit: 2600
Processor Information for processor 5
  Max Mhz: 2600, Current Mhz: 2600, Mhz Limit: 2600
Processor Information for processor 6
  Max Mhz: 2600, Current Mhz: 2600, Mhz Limit: 2600
Processor Information for processor 7
  Max Mhz: 2600, Current Mhz: 2600, Mhz Limit: 2600
Processor Information for processor 8
  Max Mhz: 2600, Current Mhz: 2600, Mhz Limit: 2600
Processor Information for processor 9
  Max Mhz: 2600, Current Mhz: 2600, Mhz Limit: 2600
Processor Information for processor 10
  Max Mhz: 2600, Current Mhz: 2600, Mhz Limit: 2600
Processor Information for processor 11
  Max Mhz: 2600, Current Mhz: 2600, Mhz Limit: 2600
Processor Information for processor 12
  Max Mhz: 2600, Current Mhz: 1900, Mhz Limit: 1898
Processor Information for processor 13
  Max Mhz: 2600, Current Mhz: 1900, Mhz Limit: 1898
Processor Information for processor 14
  Max Mhz: 2600, Current Mhz: 1900, Mhz Limit: 1898
Processor Information for processor 15
  Max Mhz: 2600, Current Mhz: 1500, Mhz Limit: 1898
Processor Information for processor 16
  Max Mhz: 2600, Current Mhz: 1900, Mhz Limit: 1898
Processor Information for processor 17
  Max Mhz: 2600, Current Mhz: 1900, Mhz Limit: 1898
Processor Information for processor 18
  Max Mhz: 2600, Current Mhz: 1900, Mhz Limit: 1898
Processor Information for processor 19
  Max Mhz: 2600, Current Mhz: 1900, Mhz Limit: 1898

Memory: 4k page, system-wide physical 16008M (272M free)
TotalPageFile size 41390M (AvailPageFile size 102M)
current process WorkingSet (physical memory assigned to process): 33M, peak: 1049M
current process commit charge ("private bytes"): 1074M, peak: 1082M

vm_info: OpenJDK 64-Bit Server VM (21.0.10+7-LTS) for windows-amd64 JRE (21.0.10+7-LTS), built on 2026-01-20T00:00:00Z by "admin" with MS VC++ 17.12 (VS2022)

END.
